<?xml version="1.0" encoding="UTF-8"?>
<!-- Generated by org.testng.reporters.JUnitReportReporter -->
<testsuite hostname="Vinays-MacBook-Pro.local" name="practice.SampleTest2" tests="4" failures="0" timestamp="2 Oct 2019 02:45:05 GMT" time="0.021" errors="0">
  <testcase name="b" time="0.002" classname="practice.SampleTest2"/>
  <testcase name="a" time="0.001" classname="practice.SampleTest2"/>
  <testcase name="c" time="0.012" classname="practice.SampleTest2"/>
  <testcase name="d" time="0.006" classname="practice.SampleTest2"/>
</testsuite> <!-- practice.SampleTest2 -->
