<?xml version="1.0" encoding="UTF-8"?>
<!-- Generated by org.testng.reporters.JUnitReportReporter -->
<testsuite hostname="Vinays-MacBook-Pro.local" name="practice.SampleTest" tests="4" failures="0" timestamp="2 Oct 2019 02:45:05 GMT" time="0.084" errors="0">
  <testcase name="a" time="0.017" classname="practice.SampleTest"/>
  <testcase name="b" time="0.004" classname="practice.SampleTest"/>
  <testcase name="c" time="0.055" classname="practice.SampleTest"/>
  <testcase name="d" time="0.008" classname="practice.SampleTest"/>
</testsuite> <!-- practice.SampleTest -->
